2022-05-31 12:56:23,725  INFO [main] SauceDemo1:54 - URL entered
2022-05-31 12:56:24,227  INFO [main] SauceDemo1:57 - selenium wait applied
2022-05-31 12:56:27,918  INFO [main] SauceDemo1:63 - user name entered
2022-05-31 12:56:28,784  INFO [main] SauceDemo1:66 - password is entered
2022-05-31 12:56:32,788  INFO [main] SauceDemo1:69 - login buttton clicked
2022-05-31 12:56:33,981  INFO [main] SauceDemo1:28 - screen shot taken
2022-05-31 12:56:34,876  INFO [main] SauceDemo1:40 - menu button is clicked
2022-05-31 12:56:35,394  INFO [main] SauceDemo1:43 - logout button is clicked
2022-05-31 12:56:40,432  INFO [main] SauceDemo1:77 - End of program
2022-05-31 12:56:57,441  INFO [main] SauceDemo1:54 - URL entered
2022-05-31 12:56:57,456  INFO [main] SauceDemo1:57 - selenium wait applied
2022-05-31 12:57:02,245  INFO [main] SauceDemo1:63 - user name entered
2022-05-31 12:57:02,684  INFO [main] SauceDemo1:66 - password is entered
2022-05-31 12:57:05,857  INFO [main] SauceDemo1:69 - login buttton clicked
2022-05-31 12:57:06,375  INFO [main] SauceDemo1:26 - menu button is clicked
2022-05-31 12:57:07,113  INFO [main] SauceDemo1:29 - screen shot is taken
2022-05-31 12:57:12,402  INFO [main] SauceDemo1:77 - End of program
2022-05-31 12:57:24,062  INFO [main] SauceDemo1:54 - URL entered
2022-05-31 12:57:24,066  INFO [main] SauceDemo1:57 - selenium wait applied
2022-05-31 12:57:24,219  INFO [main] SauceDemo1:63 - user name entered
2022-05-31 12:57:24,334  INFO [main] SauceDemo1:66 - password is entered
2022-05-31 12:57:24,819  INFO [main] SauceDemo1:69 - login buttton clicked
2022-05-31 12:57:25,076  INFO [main] SauceDemo1:25 - add to cart button is clicked
2022-05-31 12:57:25,696  INFO [main] SauceDemo1:35 - click me button is clicked
2022-05-31 12:57:25,936  INFO [main] SauceDemo1:38 - log out button is clicked
2022-05-31 12:57:31,395  INFO [main] SauceDemo1:77 - End of program
2022-05-31 12:57:42,133  INFO [main] SauceDemo1:54 - URL entered
2022-05-31 12:57:42,149  INFO [main] SauceDemo1:57 - selenium wait applied
2022-05-31 12:57:42,447  INFO [main] SauceDemo1:63 - user name entered
2022-05-31 12:57:42,651  INFO [main] SauceDemo1:66 - password is entered
2022-05-31 12:57:42,996  INFO [main] SauceDemo1:69 - login buttton clicked
2022-05-31 12:57:44,078  INFO [main] SauceDemo1:26 - multiple products added to cart
2022-05-31 12:57:47,703  INFO [main] SauceDemo1:77 - End of program
2022-05-31 13:00:20,456  INFO [main] SauceDemo1:54 - URL entered
2022-05-31 13:00:20,469  INFO [main] SauceDemo1:57 - selenium wait applied
2022-05-31 13:00:21,154  INFO [main] SauceDemo1:63 - user name entered
2022-05-31 13:00:21,375  INFO [main] SauceDemo1:66 - password is entered
2022-05-31 13:00:21,653  INFO [main] SauceDemo1:69 - login button clicked
2022-05-31 13:00:22,341  INFO [main] SauceDemo1:28 - screen shot taken
2022-05-31 13:00:22,470  INFO [main] SauceDemo1:40 - menu button is clicked
2022-05-31 13:00:22,666  INFO [main] SauceDemo1:43 - logout button is clicked
2022-05-31 13:00:23,404  INFO [main] SauceDemo1:77 - End of program
2022-05-31 13:00:27,332  INFO [main] SauceDemo1:54 - URL entered
2022-05-31 13:00:27,340  INFO [main] SauceDemo1:57 - selenium wait applied
2022-05-31 13:00:27,683  INFO [main] SauceDemo1:63 - user name entered
2022-05-31 13:00:27,828  INFO [main] SauceDemo1:66 - password is entered
2022-05-31 13:00:28,010  INFO [main] SauceDemo1:69 - login button clicked
2022-05-31 13:00:28,946  INFO [main] SauceDemo1:26 - menu button is clicked
2022-05-31 13:00:29,313  INFO [main] SauceDemo1:29 - screen shot is taken
2022-05-31 13:00:29,420  INFO [main] SauceDemo1:32 - log out button is clicked
2022-05-31 13:00:30,173  INFO [main] SauceDemo1:77 - End of program
2022-05-31 13:00:36,028  INFO [main] SauceDemo1:54 - URL entered
2022-05-31 13:00:36,036  INFO [main] SauceDemo1:57 - selenium wait applied
2022-05-31 13:00:36,383  INFO [main] SauceDemo1:63 - user name entered
2022-05-31 13:00:36,520  INFO [main] SauceDemo1:66 - password is entered
2022-05-31 13:00:36,705  INFO [main] SauceDemo1:69 - login button clicked
2022-05-31 13:00:36,944  INFO [main] SauceDemo1:25 - add to cart button is clicked
2022-05-31 13:00:37,732  INFO [main] SauceDemo1:77 - End of program
2022-05-31 13:00:41,725  INFO [main] SauceDemo1:54 - URL entered
2022-05-31 13:00:41,732  INFO [main] SauceDemo1:57 - selenium wait applied
2022-05-31 13:00:42,119  INFO [main] SauceDemo1:63 - user name entered
2022-05-31 13:00:42,259  INFO [main] SauceDemo1:66 - password is entered
2022-05-31 13:00:42,442  INFO [main] SauceDemo1:69 - login button clicked
2022-05-31 13:00:43,309  INFO [main] SauceDemo1:26 - multiple products added to cart
2022-05-31 13:00:43,850  INFO [main] SauceDemo1:77 - End of program
2022-05-31 13:07:56,551  INFO [main] SauceDemo1:54 - URL entered
2022-05-31 13:07:56,567  INFO [main] SauceDemo1:57 - selenium wait applied
2022-05-31 13:07:57,021  INFO [main] SauceDemo1:63 - user name entered
2022-05-31 13:07:57,238  INFO [main] SauceDemo1:66 - password is entered
2022-05-31 13:07:57,535  INFO [main] SauceDemo1:69 - login button clicked
2022-05-31 13:07:58,132  INFO [main] SauceDemo1:28 - screen shot taken
2022-05-31 13:07:58,285  INFO [main] SauceDemo1:40 - menu button is clicked
2022-05-31 13:07:58,472  INFO [main] SauceDemo1:43 - logout button is clicked
2022-05-31 13:07:59,082  INFO [main] SauceDemo1:77 - End of program
2022-05-31 13:08:04,089  INFO [main] SauceDemo1:54 - URL entered
2022-05-31 13:08:04,095  INFO [main] SauceDemo1:57 - selenium wait applied
2022-05-31 13:08:04,423  INFO [main] SauceDemo1:63 - user name entered
2022-05-31 13:08:04,567  INFO [main] SauceDemo1:66 - password is entered
2022-05-31 13:08:04,758  INFO [main] SauceDemo1:69 - login button clicked
2022-05-31 13:08:04,964  INFO [main] SauceDemo1:26 - menu button is clicked
2022-05-31 13:08:05,424  INFO [main] SauceDemo1:29 - screen shot is taken
2022-05-31 13:08:05,630  INFO [main] SauceDemo1:32 - log out button is clicked
2022-05-31 13:08:06,028  INFO [main] SauceDemo1:77 - End of program
2022-05-31 13:08:11,277  INFO [main] SauceDemo1:54 - URL entered
2022-05-31 13:08:11,284  INFO [main] SauceDemo1:57 - selenium wait applied
2022-05-31 13:08:11,992  INFO [main] SauceDemo1:63 - user name entered
2022-05-31 13:08:12,173  INFO [main] SauceDemo1:66 - password is entered
2022-05-31 13:08:12,375  INFO [main] SauceDemo1:69 - login button clicked
2022-05-31 13:08:12,512  INFO [main] SauceDemo1:25 - add to cart button is clicked
2022-05-31 13:08:12,696  INFO [main] SauceDemo1:35 - click me button is clicked
2022-05-31 13:08:12,811  INFO [main] SauceDemo1:38 - log out button is clicked
2022-05-31 13:08:13,306  INFO [main] SauceDemo1:77 - End of program
2022-05-31 13:08:17,154  INFO [main] SauceDemo1:54 - URL entered
2022-05-31 13:08:17,159  INFO [main] SauceDemo1:57 - selenium wait applied
2022-05-31 13:08:17,479  INFO [main] SauceDemo1:63 - user name entered
2022-05-31 13:08:17,628  INFO [main] SauceDemo1:66 - password is entered
2022-05-31 13:08:17,854  INFO [main] SauceDemo1:69 - login button clicked
2022-05-31 13:08:18,507  INFO [main] SauceDemo1:26 - multiple products added to cart
2022-05-31 13:08:19,090  INFO [main] SauceDemo1:77 - End of program
2022-05-31 14:24:56,993  INFO [main] SauceDemo1:56 - URL entered
2022-05-31 14:24:57,147  INFO [main] SauceDemo1:59 - selenium wait applied
2022-05-31 14:25:01,818  INFO [main] SauceDemo1:65 - user name entered
2022-05-31 14:25:02,032  INFO [main] SauceDemo1:68 - password is entered
2022-05-31 14:25:06,449  INFO [main] SauceDemo1:71 - login button clicked
2022-05-31 14:25:07,960  INFO [main] SauceDemo1:28 - screen shot taken
2022-05-31 14:25:08,109  INFO [main] SauceDemo1:40 - menu button is clicked
2022-05-31 14:25:08,337  INFO [main] SauceDemo1:43 - logout button is clicked
2022-05-31 14:25:09,285  INFO [main] SauceDemo1:79 - End of program
2022-05-31 14:25:18,310  INFO [main] SauceDemo1:56 - URL entered
2022-05-31 14:25:18,318  INFO [main] SauceDemo1:59 - selenium wait applied
2022-05-31 14:25:18,642  INFO [main] SauceDemo1:65 - user name entered
2022-05-31 14:25:18,782  INFO [main] SauceDemo1:68 - password is entered
2022-05-31 14:25:18,960  INFO [main] SauceDemo1:71 - login button clicked
2022-05-31 14:25:19,072  INFO [main] SauceDemo1:26 - menu button is clicked
2022-05-31 14:25:19,601  INFO [main] SauceDemo1:29 - screen shot is taken
2022-05-31 14:25:19,778  INFO [main] SauceDemo1:32 - log out button is clicked
2022-05-31 14:25:20,258  INFO [main] SauceDemo1:79 - End of program
2022-05-31 14:25:31,928  INFO [main] SauceDemo1:56 - URL entered
2022-05-31 14:25:31,932  INFO [main] SauceDemo1:59 - selenium wait applied
2022-05-31 14:25:32,259  INFO [main] SauceDemo1:65 - user name entered
2022-05-31 14:25:32,394  INFO [main] SauceDemo1:68 - password is entered
2022-05-31 14:25:32,570  INFO [main] SauceDemo1:71 - login button clicked
2022-05-31 14:25:32,682  INFO [main] SauceDemo1:25 - add to cart button is clicked
2022-05-31 14:25:32,967  INFO [main] SauceDemo1:35 - click me button is clicked
2022-05-31 14:25:33,379  INFO [main] SauceDemo1:38 - log out button is clicked
2022-05-31 14:25:34,290  INFO [main] SauceDemo1:79 - End of program
2022-05-31 14:25:41,090  INFO [main] SauceDemo1:56 - URL entered
2022-05-31 14:25:41,100  INFO [main] SauceDemo1:59 - selenium wait applied
2022-05-31 14:25:41,458  INFO [main] SauceDemo1:65 - user name entered
2022-05-31 14:25:41,643  INFO [main] SauceDemo1:68 - password is entered
2022-05-31 14:25:41,890  INFO [main] SauceDemo1:71 - login button clicked
2022-05-31 14:25:42,560  INFO [main] SauceDemo1:26 - multiple products added to cart
2022-05-31 14:25:43,869  INFO [main] SauceDemo1:79 - End of program
2022-05-31 14:31:40,395  INFO [main] SauceDemo1:56 - URL entered
2022-05-31 14:31:40,416  INFO [main] SauceDemo1:59 - selenium wait applied
2022-05-31 14:31:41,103  INFO [main] SauceDemo1:65 - user name entered
2022-05-31 14:31:41,240  INFO [main] SauceDemo1:68 - password is entered
2022-05-31 14:31:41,421  INFO [main] SauceDemo1:71 - login button clicked
2022-05-31 14:31:41,860  INFO [main] SauceDemo1:26 - multiple products added to cart
2022-05-31 14:31:43,155  INFO [main] SauceDemo1:79 - End of program
2022-05-31 14:33:01,924  INFO [main] SauceDemo1:56 - URL entered
2022-05-31 14:33:01,935  INFO [main] SauceDemo1:59 - selenium wait applied
2022-05-31 14:33:02,390  INFO [main] SauceDemo1:65 - user name entered
2022-05-31 14:33:02,569  INFO [main] SauceDemo1:68 - password is entered
2022-05-31 14:33:02,814  INFO [main] SauceDemo1:71 - login button clicked
2022-05-31 14:33:03,378  INFO [main] SauceDemo1:26 - multiple products added to cart
2022-05-31 14:33:04,279  INFO [main] SauceDemo1:79 - End of program
2022-05-31 14:33:28,392  INFO [main] SauceDemo1:56 - URL entered
2022-05-31 14:33:28,415  INFO [main] SauceDemo1:59 - selenium wait applied
2022-05-31 14:33:28,810  INFO [main] SauceDemo1:65 - user name entered
2022-05-31 14:33:28,980  INFO [main] SauceDemo1:68 - password is entered
2022-05-31 14:33:29,218  INFO [main] SauceDemo1:71 - login button clicked
2022-05-31 14:33:30,109  INFO [main] SauceDemo1:26 - multiple products added to cart
2022-05-31 14:33:31,095  INFO [main] SauceDemo1:79 - End of program
2022-05-31 14:36:26,541  INFO [main] SauceDemo1:56 - URL entered
2022-05-31 14:36:26,552  INFO [main] SauceDemo1:59 - selenium wait applied
2022-05-31 14:36:27,001  INFO [main] SauceDemo1:65 - user name entered
2022-05-31 14:36:27,190  INFO [main] SauceDemo1:68 - password is entered
2022-05-31 14:36:27,459  INFO [main] SauceDemo1:71 - login button clicked
2022-05-31 14:36:27,958  INFO [main] SauceDemo1:28 - screen shot taken
2022-05-31 14:36:28,837  INFO [main] SauceDemo1:79 - End of program
2022-05-31 14:36:33,033  INFO [main] SauceDemo1:56 - URL entered
2022-05-31 14:36:33,046  INFO [main] SauceDemo1:59 - selenium wait applied
2022-05-31 14:36:33,403  INFO [main] SauceDemo1:65 - user name entered
2022-05-31 14:36:33,535  INFO [main] SauceDemo1:68 - password is entered
2022-05-31 14:36:33,739  INFO [main] SauceDemo1:71 - login button clicked
2022-05-31 14:36:33,943  INFO [main] SauceDemo1:26 - menu button is clicked
2022-05-31 14:36:34,403  INFO [main] SauceDemo1:29 - screen shot is taken
2022-05-31 14:36:34,508  INFO [main] SauceDemo1:32 - log out button is clicked
2022-05-31 14:36:34,905  INFO [main] SauceDemo1:79 - End of program
2022-05-31 14:36:38,732  INFO [main] SauceDemo1:56 - URL entered
2022-05-31 14:36:38,741  INFO [main] SauceDemo1:59 - selenium wait applied
2022-05-31 14:36:39,385  INFO [main] SauceDemo1:65 - user name entered
2022-05-31 14:36:39,519  INFO [main] SauceDemo1:68 - password is entered
2022-05-31 14:36:39,735  INFO [main] SauceDemo1:71 - login button clicked
2022-05-31 14:36:39,917  INFO [main] SauceDemo1:25 - add to cart button is clicked
2022-05-31 14:36:40,353  INFO [main] SauceDemo1:35 - click me button is clicked
2022-05-31 14:36:40,626  INFO [main] SauceDemo1:38 - log out button is clicked
2022-05-31 14:36:41,036  INFO [main] SauceDemo1:79 - End of program
2022-05-31 14:36:44,800  INFO [main] SauceDemo1:56 - URL entered
2022-05-31 14:36:44,806  INFO [main] SauceDemo1:59 - selenium wait applied
2022-05-31 14:36:45,238  INFO [main] SauceDemo1:65 - user name entered
2022-05-31 14:36:45,407  INFO [main] SauceDemo1:68 - password is entered
2022-05-31 14:36:45,707  INFO [main] SauceDemo1:71 - login button clicked
2022-05-31 14:36:46,336  INFO [main] SauceDemo1:26 - multiple products added to cart
2022-05-31 14:36:47,025  INFO [main] SauceDemo1:79 - End of program
2022-05-31 14:39:10,741  INFO [main] SauceDemo1:56 - URL entered
2022-05-31 14:39:10,764  INFO [main] SauceDemo1:59 - selenium wait applied
2022-05-31 14:39:11,240  INFO [main] SauceDemo1:65 - user name entered
2022-05-31 14:39:11,431  INFO [main] SauceDemo1:68 - password is entered
2022-05-31 14:39:11,689  INFO [main] SauceDemo1:71 - login button clicked
2022-05-31 14:39:12,019  INFO [main] SauceDemo1:28 - screen shot taken
2022-05-31 14:39:12,949  INFO [main] SauceDemo1:79 - End of program
2022-05-31 14:39:20,400  INFO [main] SauceDemo1:56 - URL entered
2022-05-31 14:39:20,408  INFO [main] SauceDemo1:59 - selenium wait applied
2022-05-31 14:39:20,731  INFO [main] SauceDemo1:65 - user name entered
2022-05-31 14:39:20,868  INFO [main] SauceDemo1:68 - password is entered
2022-05-31 14:39:21,046  INFO [main] SauceDemo1:71 - login button clicked
2022-05-31 14:39:21,197  INFO [main] SauceDemo1:26 - menu button is clicked
2022-05-31 14:39:21,774  INFO [main] SauceDemo1:29 - screen shot is taken
2022-05-31 14:39:21,864  INFO [main] SauceDemo1:32 - log out button is clicked
2022-05-31 14:39:22,204  INFO [main] SauceDemo1:79 - End of program
2022-05-31 14:39:27,087  INFO [main] SauceDemo1:56 - URL entered
2022-05-31 14:39:27,099  INFO [main] SauceDemo1:59 - selenium wait applied
2022-05-31 14:39:27,418  INFO [main] SauceDemo1:65 - user name entered
2022-05-31 14:39:27,566  INFO [main] SauceDemo1:68 - password is entered
2022-05-31 14:39:27,746  INFO [main] SauceDemo1:71 - login button clicked
2022-05-31 14:39:27,961  INFO [main] SauceDemo1:25 - add to cart button is clicked
2022-05-31 14:39:28,240  INFO [main] SauceDemo1:35 - click me button is clicked
2022-05-31 14:39:28,553  INFO [main] SauceDemo1:38 - log out button is clicked
2022-05-31 14:39:28,938  INFO [main] SauceDemo1:79 - End of program
2022-05-31 14:39:41,173  INFO [main] SauceDemo1:56 - URL entered
2022-05-31 14:39:41,186  INFO [main] SauceDemo1:59 - selenium wait applied
2022-05-31 14:39:41,635  INFO [main] SauceDemo1:65 - user name entered
2022-05-31 14:39:41,802  INFO [main] SauceDemo1:68 - password is entered
2022-05-31 14:39:41,983  INFO [main] SauceDemo1:71 - login button clicked
2022-05-31 14:39:42,488  INFO [main] SauceDemo1:26 - multiple products added to cart
2022-05-31 14:39:43,424  INFO [main] SauceDemo1:79 - End of program
